#
# There is insufficient memory for the Java Runtime Environment to continue.
# Native memory allocation (mmap) failed to map 3145728 bytes for G1 virtual space
# Possible reasons:
#   The system is out of physical RAM or swap space
#   The process is running with CompressedOops enabled, and the Java Heap may be blocking the growth of the native heap
# Possible solutions:
#   Reduce memory load on the system
#   Increase physical memory or swap space
#   Check if swap backing store is full
#   Decrease Java heap size (-Xmx/-Xms)
#   Decrease number of Java threads
#   Decrease Java thread stack sizes (-Xss)
#   Set larger code cache with -XX:ReservedCodeCacheSize=
#   JVM is running with Unscaled Compressed Oops mode in which the Java heap is
#     placed in the first 4GB address space. The Java Heap base address is the
#     maximum limit for the native heap growth. Please use -XX:HeapBaseMinAddress
#     to set the Java Heap base and to place the Java Heap above 4GB virtual address.
# This output file may be truncated or incomplete.
#
#  Out of Memory Error (os_windows.cpp:3600), pid=9100, tid=1108
#
# JRE version: Java(TM) SE Runtime Environment (21.0.4+8) (build 21.0.4+8-LTS-274)
# Java VM: Java HotSpot(TM) 64-Bit Server VM (21.0.4+8-LTS-274, mixed mode, sharing, tiered, compressed oops, compressed class ptrs, g1 gc, windows-amd64)
# No core dump will be written. Minidumps are not enabled by default on client versions of Windows
#

---------------  S U M M A R Y ------------

Command Line: -Dclassworlds.conf=D:\Tools\Maven\apache-maven-3.9.9\bin\m2.conf -Dmaven.home=D:\Tools\Maven\apache-maven-3.9.9 -Dlibrary.jansi.path=D:\Tools\Maven\apache-maven-3.9.9\lib\jansi-native -Dmaven.multiModuleProjectDirectory=D:\CNPM_Final\CRM_Java\crm-springmvc-hibernate org.codehaus.plexus.classworlds.launcher.Launcher clean install

Host: AMD Ryzen 5 3500U with Radeon Vega Mobile Gfx  , 8 cores, 5G,  Windows 11 , 64 bit Build 22621 (10.0.22621.4391)
Time: Wed Dec 18 14:08:04 2024 SE Asia Standard Time elapsed time: 10.835595 seconds (0d 0h 0m 10s)

---------------  T H R E A D  ---------------

Current thread (0x0000023a7f971c50):  VMThread "VM Thread"          [id=1108, stack(0x0000006560c00000,0x0000006560d00000) (1024K)]

Stack: [0x0000006560c00000,0x0000006560d00000]
Native frames: (J=compiled Java code, j=interpreted, Vv=VM code, C=native code)
V  [jvm.dll+0x6c8e59]
V  [jvm.dll+0x853181]
V  [jvm.dll+0x8556ae]
V  [jvm.dll+0x855d83]
V  [jvm.dll+0x27d526]
V  [jvm.dll+0x6c55f5]
V  [jvm.dll+0x6ba17a]
V  [jvm.dll+0x352a8a]
V  [jvm.dll+0x35a6e6]
V  [jvm.dll+0x3acdae]
V  [jvm.dll+0x3ad058]
V  [jvm.dll+0x326dec]
V  [jvm.dll+0x329646]
V  [jvm.dll+0x3335f8]
V  [jvm.dll+0x3698e5]
V  [jvm.dll+0x85bb50]
V  [jvm.dll+0x85ced4]
V  [jvm.dll+0x85d410]
V  [jvm.dll+0x85d6b3]
V  [jvm.dll+0x7fd65b]
V  [jvm.dll+0x6c753d]
C  [ucrtbase.dll+0x29333]
C  [KERNEL32.DLL+0x1259d]
C  [ntdll.dll+0x5af38]

VM_Operation (0x00000065607ffb00): G1PauseRemark, mode: safepoint, requested by thread 0x0000023a76219d70


---------------  P R O C E S S  ---------------

Threads class SMR info:
_java_thread_list=0x0000023a5bb3e9c0, length=20, elements={
0x0000023a761cf650, 0x0000023a7f98cad0, 0x0000023a7f98d600, 0x0000023a7f990c70,
0x0000023a7f994530, 0x0000023a7f998ce0, 0x0000023a7f999480, 0x0000023a7f9a40a0,
0x0000023a7f9a6660, 0x0000023a129d0620, 0x0000023a129e7d90, 0x0000023a59652cc0,
0x0000023a5a2dd740, 0x0000023a589bb000, 0x0000023a5993a7e0, 0x0000023a599e0c80,
0x0000023a59938c60, 0x0000023a5ba76b40, 0x0000023a5ba79fc0, 0x0000023a5ba771d0
}

Java Threads: ( => current thread )
  0x0000023a761cf650 JavaThread "main"                              [_thread_blocked, id=15216, stack(0x0000006560500000,0x0000006560600000) (1024K)]
  0x0000023a7f98cad0 JavaThread "Reference Handler"          daemon [_thread_blocked, id=8756, stack(0x0000006560d00000,0x0000006560e00000) (1024K)]
  0x0000023a7f98d600 JavaThread "Finalizer"                  daemon [_thread_blocked, id=284, stack(0x0000006560e00000,0x0000006560f00000) (1024K)]
  0x0000023a7f990c70 JavaThread "Signal Dispatcher"          daemon [_thread_blocked, id=4196, stack(0x0000006560f00000,0x0000006561000000) (1024K)]
  0x0000023a7f994530 JavaThread "Attach Listener"            daemon [_thread_blocked, id=15484, stack(0x0000006561000000,0x0000006561100000) (1024K)]
  0x0000023a7f998ce0 JavaThread "Service Thread"             daemon [_thread_blocked, id=1668, stack(0x0000006561100000,0x0000006561200000) (1024K)]
  0x0000023a7f999480 JavaThread "Monitor Deflation Thread"   daemon [_thread_blocked, id=2164, stack(0x0000006561200000,0x0000006561300000) (1024K)]
  0x0000023a7f9a40a0 JavaThread "C2 CompilerThread0"         daemon [_thread_blocked, id=18424, stack(0x0000006561300000,0x0000006561400000) (1024K)]
  0x0000023a7f9a6660 JavaThread "C1 CompilerThread0"         daemon [_thread_blocked, id=14872, stack(0x0000006561400000,0x0000006561500000) (1024K)]
  0x0000023a129d0620 JavaThread "Notification Thread"        daemon [_thread_blocked, id=13452, stack(0x0000006561500000,0x0000006561600000) (1024K)]
  0x0000023a129e7d90 JavaThread "Common-Cleaner"             daemon [_thread_blocked, id=10540, stack(0x0000006561600000,0x0000006561700000) (1024K)]
  0x0000023a59652cc0 JavaThread "Thread-1"                   daemon [_thread_blocked, id=9604, stack(0x0000006562000000,0x0000006562100000) (1024K)]
  0x0000023a5a2dd740 JavaThread "pool-1-thread-1"                   [_thread_blocked, id=11920, stack(0x0000006561700000,0x0000006561800000) (1024K)]
  0x0000023a589bb000 JavaThread "pool-1-thread-2"                   [_thread_blocked, id=17604, stack(0x0000006561800000,0x0000006561900000) (1024K)]
  0x0000023a5993a7e0 JavaThread "pool-1-thread-3"                   [_thread_blocked, id=4808, stack(0x0000006562200000,0x0000006562300000) (1024K)]
  0x0000023a599e0c80 JavaThread "pool-1-thread-4"                   [_thread_blocked, id=2056, stack(0x0000006562300000,0x0000006562400000) (1024K)]
  0x0000023a59938c60 JavaThread "pool-1-thread-5"                   [_thread_blocked, id=13128, stack(0x0000006562400000,0x0000006562500000) (1024K)]
  0x0000023a5ba76b40 JavaThread "pool-1-thread-6"                   [_thread_blocked, id=14520, stack(0x0000006562500000,0x0000006562600000) (1024K)]
  0x0000023a5ba79fc0 JavaThread "pool-1-thread-7"                   [_thread_blocked, id=10336, stack(0x0000006562600000,0x0000006562700000) (1024K)]
  0x0000023a5ba771d0 JavaThread "pool-1-thread-8"                   [_thread_blocked, id=14988, stack(0x0000006562700000,0x0000006562800000) (1024K)]
Total: 20

Other Threads:
=>0x0000023a7f971c50 VMThread "VM Thread"                           [id=1108, stack(0x0000006560c00000,0x0000006560d00000) (1024K)]
  0x0000023a7f958f10 WatcherThread "VM Periodic Task Thread"        [id=11216, stack(0x0000006560b00000,0x0000006560c00000) (1024K)]
  0x0000023a7620c900 WorkerThread "GC Thread#0"                     [id=4708, stack(0x0000006560600000,0x0000006560700000) (1024K)]
  0x0000023a5880aee0 WorkerThread "GC Thread#1"                     [id=13272, stack(0x0000006561900000,0x0000006561a00000) (1024K)]
  0x0000023a58dcd770 WorkerThread "GC Thread#2"                     [id=1568, stack(0x0000006561a00000,0x0000006561b00000) (1024K)]
  0x0000023a5849ce30 WorkerThread "GC Thread#3"                     [id=8624, stack(0x0000006561b00000,0x0000006561c00000) (1024K)]
  0x0000023a5849d5e0 WorkerThread "GC Thread#4"                     [id=12680, stack(0x0000006561c00000,0x0000006561d00000) (1024K)]
  0x0000023a5849e190 WorkerThread "GC Thread#5"                     [id=8772, stack(0x0000006561d00000,0x0000006561e00000) (1024K)]
  0x0000023a58953d20 WorkerThread "GC Thread#6"                     [id=8612, stack(0x0000006561e00000,0x0000006561f00000) (1024K)]
  0x0000023a589540c0 WorkerThread "GC Thread#7"                     [id=6768, stack(0x0000006561f00000,0x0000006562000000) (1024K)]
  0x0000023a76219d70 ConcurrentGCThread "G1 Main Marker"            [id=17564, stack(0x0000006560700000,0x0000006560800000) (1024K)]
  0x0000023a7621aa20 WorkerThread "G1 Conc#0"                       [id=7856, stack(0x0000006560800000,0x0000006560900000) (1024K)]
  0x0000023a58dc8d60 WorkerThread "G1 Conc#1"                       [id=1580, stack(0x0000006562100000,0x0000006562200000) (1024K)]
  0x0000023a7628e390 ConcurrentGCThread "G1 Refine#0"               [id=7920, stack(0x0000006560900000,0x0000006560a00000) (1024K)]
  0x0000023a7628eb10 ConcurrentGCThread "G1 Service"                [id=7512, stack(0x0000006560a00000,0x0000006560b00000) (1024K)]
Total: 15

Threads with active compile tasks:
C2 CompilerThread0    10873 7651       4       org.codehaus.plexus.classworlds.realm.ClassRealm::loadClass (7 bytes)
Total: 1

VM state: at safepoint (normal execution)

VM Mutex/Monitor currently owned by a thread:  ([mutex/lock_event])
[0x00007fff13287e98] Threads_lock - owner thread: 0x0000023a7f971c50
[0x00007fff13287f98] Heap_lock - owner thread: 0x0000023a76219d70

Heap address: 0x00000000a1c00000, size: 1508 MB, Compressed Oops mode: 32-bit

CDS archive(s) mapped at: [0x0000023a13000000-0x0000023a13c90000-0x0000023a13c90000), size 13172736, SharedBaseAddress: 0x0000023a13000000, ArchiveRelocationMode: 1.
Compressed class space mapped at: 0x0000023a14000000-0x0000023a54000000, reserved size: 1073741824
Narrow klass base: 0x0000023a13000000, Narrow klass shift: 0, Narrow klass range: 0x100000000

GC Precious Log:
 CardTable entry size: 512
 Card Set container configuration: InlinePtr #cards 5 size 8 Array Of Cards #cards 12 size 40 Howl #buckets 4 coarsen threshold 1843 Howl Bitmap #cards 512 size 80 coarsen threshold 460 Card regions per heap region 1 cards per card region 2048
 CPUs: 8 total, 8 available
 Memory: 6030M
 Large Page Support: Disabled
 NUMA Support: Disabled
 Compressed Oops: Enabled (32-bit)
 Heap Region Size: 1M
 Heap Min Capacity: 8M
 Heap Initial Capacity: 96M
 Heap Max Capacity: 1508M
 Pre-touch: Disabled
 Parallel Workers: 8
 Concurrent Workers: 2
 Concurrent Refinement Workers: 8
 Periodic GC: Disabled

Heap:
 garbage-first heap   total 109568K, used 64545K [0x00000000a1c00000, 0x0000000100000000)
  region size 1024K, 5 young (5120K), 3 survivors (3072K)
 Metaspace       used 33266K, committed 33792K, reserved 1114112K
  class space    used 3781K, committed 4032K, reserved 1048576K

Heap Regions: E=young(eden), S=young(survivor), O=old, HS=humongous(starts), HC=humongous(continues), CS=collection set, F=free, TAMS=top-at-mark-start, PB=parsable bottom
|   0|0x00000000a1c00000, 0x00000000a1d00000, 0x00000000a1d00000|100%| O|  |TAMS 0x00000000a1d00000| PB 0x00000000a1d00000| Untracked 
|   1|0x00000000a1d00000, 0x00000000a1e00000, 0x00000000a1e00000|100%| O|  |TAMS 0x00000000a1e00000| PB 0x00000000a1e00000| Untracked 
|   2|0x00000000a1e00000, 0x00000000a1f00000, 0x00000000a1f00000|100%| O|  |TAMS 0x00000000a1f00000| PB 0x00000000a1f00000| Untracked 
|   3|0x00000000a1f00000, 0x00000000a2000000, 0x00000000a2000000|100%| O|  |TAMS 0x00000000a2000000| PB 0x00000000a2000000| Updating 
|   4|0x00000000a2000000, 0x00000000a2100000, 0x00000000a2100000|100%| O|  |TAMS 0x00000000a2100000| PB 0x00000000a2100000| Untracked 
|   5|0x00000000a2100000, 0x00000000a2200000, 0x00000000a2200000|100%| O|  |TAMS 0x00000000a2200000| PB 0x00000000a2200000| Untracked 
|   6|0x00000000a2200000, 0x00000000a2300000, 0x00000000a2300000|100%| O|  |TAMS 0x00000000a2300000| PB 0x00000000a2300000| Untracked 
|   7|0x00000000a2300000, 0x00000000a2400000, 0x00000000a2400000|100%| O|  |TAMS 0x00000000a2400000| PB 0x00000000a2400000| Untracked 
|   8|0x00000000a2400000, 0x00000000a2500000, 0x00000000a2500000|100%| O|  |TAMS 0x00000000a24f30e0| PB 0x00000000a24f30e0| Updating 
|   9|0x00000000a2500000, 0x00000000a2600000, 0x00000000a2600000|100%| O|  |TAMS 0x00000000a2600000| PB 0x00000000a2600000| Untracked 
|  10|0x00000000a2600000, 0x00000000a2700000, 0x00000000a2700000|100%| O|  |TAMS 0x00000000a2700000| PB 0x00000000a2700000| Untracked 
|  11|0x00000000a2700000, 0x00000000a2800000, 0x00000000a2800000|100%| O|  |TAMS 0x00000000a2800000| PB 0x00000000a2800000| Updating 
|  12|0x00000000a2800000, 0x00000000a2900000, 0x00000000a2900000|100%| O|  |TAMS 0x00000000a2800000| PB 0x00000000a2800000| Untracked 
|  13|0x00000000a2900000, 0x00000000a2a00000, 0x00000000a2a00000|100%|HS|  |TAMS 0x00000000a2a00000| PB 0x00000000a2900000| Complete 
|  14|0x00000000a2a00000, 0x00000000a2b00000, 0x00000000a2b00000|100%|HS|  |TAMS 0x00000000a2b00000| PB 0x00000000a2a00000| Complete 
|  15|0x00000000a2b00000, 0x00000000a2c00000, 0x00000000a2c00000|100%| O|  |TAMS 0x00000000a2c00000| PB 0x00000000a2c00000| Untracked 
|  16|0x00000000a2c00000, 0x00000000a2d00000, 0x00000000a2d00000|100%| O|  |TAMS 0x00000000a2d00000| PB 0x00000000a2d00000| Untracked 
|  17|0x00000000a2d00000, 0x00000000a2e00000, 0x00000000a2e00000|100%| O|  |TAMS 0x00000000a2e00000| PB 0x00000000a2e00000| Untracked 
|  18|0x00000000a2e00000, 0x00000000a2f00000, 0x00000000a2f00000|100%| O|  |TAMS 0x00000000a2f00000| PB 0x00000000a2f00000| Updating 
|  19|0x00000000a2f00000, 0x00000000a3000000, 0x00000000a3000000|100%| O|  |TAMS 0x00000000a3000000| PB 0x00000000a3000000| Updating 
|  20|0x00000000a3000000, 0x00000000a3100000, 0x00000000a3100000|100%|HS|  |TAMS 0x00000000a3100000| PB 0x00000000a3000000| Complete 
|  21|0x00000000a3100000, 0x00000000a3200000, 0x00000000a3200000|100%|HC|  |TAMS 0x00000000a3200000| PB 0x00000000a3100000| Complete 
|  22|0x00000000a3200000, 0x00000000a3300000, 0x00000000a3300000|100%|HS|  |TAMS 0x00000000a3300000| PB 0x00000000a3200000| Complete 
|  23|0x00000000a3300000, 0x00000000a3400000, 0x00000000a3400000|100%|HC|  |TAMS 0x00000000a3400000| PB 0x00000000a3300000| Complete 
|  24|0x00000000a3400000, 0x00000000a3500000, 0x00000000a3500000|100%|HS|  |TAMS 0x00000000a3500000| PB 0x00000000a3400000| Complete 
|  25|0x00000000a3500000, 0x00000000a3600000, 0x00000000a3600000|100%|HC|  |TAMS 0x00000000a3600000| PB 0x00000000a3500000| Complete 
|  26|0x00000000a3600000, 0x00000000a3700000, 0x00000000a3700000|100%|HS|  |TAMS 0x00000000a3700000| PB 0x00000000a3600000| Complete 
|  27|0x00000000a3700000, 0x00000000a3800000, 0x00000000a3800000|100%|HC|  |TAMS 0x00000000a3800000| PB 0x00000000a3700000| Complete 
|  28|0x00000000a3800000, 0x00000000a3900000, 0x00000000a3900000|100%|HS|  |TAMS 0x00000000a3900000| PB 0x00000000a3800000| Complete 
|  29|0x00000000a3900000, 0x00000000a3a00000, 0x00000000a3a00000|100%|HC|  |TAMS 0x00000000a3a00000| PB 0x00000000a3900000| Complete 
|  30|0x00000000a3a00000, 0x00000000a3b00000, 0x00000000a3b00000|100%|HS|  |TAMS 0x00000000a3b00000| PB 0x00000000a3a00000| Complete 
|  31|0x00000000a3b00000, 0x00000000a3c00000, 0x00000000a3c00000|100%|HC|  |TAMS 0x00000000a3c00000| PB 0x00000000a3b00000| Complete 
|  32|0x00000000a3c00000, 0x00000000a3d00000, 0x00000000a3d00000|100%|HS|  |TAMS 0x00000000a3c00000| PB 0x00000000a3c00000| Complete 
|  33|0x00000000a3d00000, 0x00000000a3e00000, 0x00000000a3e00000|100%|HC|  |TAMS 0x00000000a3d00000| PB 0x00000000a3d00000| Complete 
|  34|0x00000000a3e00000, 0x00000000a3f00000, 0x00000000a3f00000|100%| O|  |TAMS 0x00000000a3e00000| PB 0x00000000a3e00000| Untracked 
|  35|0x00000000a3f00000, 0x00000000a4000000, 0x00000000a4000000|100%| O|  |TAMS 0x00000000a3f00000| PB 0x00000000a3f00000| Untracked 
|  36|0x00000000a4000000, 0x00000000a4100000, 0x00000000a4100000|100%|HS|  |TAMS 0x00000000a4000000| PB 0x00000000a4000000| Complete 
|  37|0x00000000a4100000, 0x00000000a4200000, 0x00000000a4200000|100%|HC|  |TAMS 0x00000000a4100000| PB 0x00000000a4100000| Complete 
|  38|0x00000000a4200000, 0x00000000a4300000, 0x00000000a4300000|100%|HS|  |TAMS 0x00000000a4200000| PB 0x00000000a4200000| Complete 
|  39|0x00000000a4300000, 0x00000000a4400000, 0x00000000a4400000|100%|HC|  |TAMS 0x00000000a4300000| PB 0x00000000a4300000| Complete 
|  40|0x00000000a4400000, 0x00000000a4500000, 0x00000000a4500000|100%| O|  |TAMS 0x00000000a4400000| PB 0x00000000a4400000| Untracked 
|  41|0x00000000a4500000, 0x00000000a4600000, 0x00000000a4600000|100%| O|  |TAMS 0x00000000a4500000| PB 0x00000000a4500000| Untracked 
|  42|0x00000000a4600000, 0x00000000a4700000, 0x00000000a4700000|100%| O|  |TAMS 0x00000000a4600000| PB 0x00000000a4600000| Untracked 
|  43|0x00000000a4700000, 0x00000000a472ac80, 0x00000000a4800000| 16%| O|  |TAMS 0x00000000a4700000| PB 0x00000000a4700000| Updating 
|  44|0x00000000a4800000, 0x00000000a4900000, 0x00000000a4900000|100%|HS|  |TAMS 0x00000000a4800000| PB 0x00000000a4800000| Complete 
|  45|0x00000000a4900000, 0x00000000a4a00000, 0x00000000a4a00000|100%|HC|  |TAMS 0x00000000a4900000| PB 0x00000000a4900000| Complete 
|  46|0x00000000a4a00000, 0x00000000a4b00000, 0x00000000a4b00000|100%|HS|  |TAMS 0x00000000a4a00000| PB 0x00000000a4a00000| Complete 
|  47|0x00000000a4b00000, 0x00000000a4c00000, 0x00000000a4c00000|100%|HC|  |TAMS 0x00000000a4b00000| PB 0x00000000a4b00000| Complete 
|  48|0x00000000a4c00000, 0x00000000a4d00000, 0x00000000a4d00000|100%|HS|  |TAMS 0x00000000a4c00000| PB 0x00000000a4c00000| Complete 
|  49|0x00000000a4d00000, 0x00000000a4e00000, 0x00000000a4e00000|100%|HC|  |TAMS 0x00000000a4d00000| PB 0x00000000a4d00000| Complete 
|  50|0x00000000a4e00000, 0x00000000a4e00000, 0x00000000a4f00000|  0%| F|  |TAMS 0x00000000a4e00000| PB 0x00000000a4e00000| Untracked 
|  51|0x00000000a4f00000, 0x00000000a4f00000, 0x00000000a5000000|  0%| F|  |TAMS 0x00000000a4f00000| PB 0x00000000a4f00000| Untracked 
|  52|0x00000000a5000000, 0x00000000a5000000, 0x00000000a5100000|  0%| F|  |TAMS 0x00000000a5000000| PB 0x00000000a5000000| Untracked 
|  53|0x00000000a5100000, 0x00000000a5100000, 0x00000000a5200000|  0%| F|  |TAMS 0x00000000a5100000| PB 0x00000000a5100000| Untracked 
|  54|0x00000000a5200000, 0x00000000a5200000, 0x00000000a5300000|  0%| F|  |TAMS 0x00000000a5200000| PB 0x00000000a5200000| Untracked 
|  55|0x00000000a5300000, 0x00000000a5300000, 0x00000000a5400000|  0%| F|  |TAMS 0x00000000a5300000| PB 0x00000000a5300000| Untracked 
|  56|0x00000000a5400000, 0x00000000a5400000, 0x00000000a5500000|  0%| F|  |TAMS 0x00000000a5400000| PB 0x00000000a5400000| Untracked 
|  57|0x00000000a5500000, 0x00000000a5500000, 0x00000000a5600000|  0%| F|  |TAMS 0x00000000a5500000| PB 0x00000000a5500000| Untracked 
|  58|0x00000000a5600000, 0x00000000a5600000, 0x00000000a5700000|  0%| F|  |TAMS 0x00000000a5600000| PB 0x00000000a5600000| Untracked 
|  59|0x00000000a5700000, 0x00000000a5700000, 0x00000000a5800000|  0%| F|  |TAMS 0x00000000a5700000| PB 0x00000000a5700000| Untracked 
|  60|0x00000000a5800000, 0x00000000a5800000, 0x00000000a5900000|  0%| F|  |TAMS 0x00000000a5800000| PB 0x00000000a5800000| Untracked 
|  61|0x00000000a5900000, 0x00000000a5900000, 0x00000000a5a00000|  0%| F|  |TAMS 0x00000000a5900000| PB 0x00000000a5900000| Untracked 
|  62|0x00000000a5a00000, 0x00000000a5a00000, 0x00000000a5b00000|  0%| F|  |TAMS 0x00000000a5a00000| PB 0x00000000a5a00000| Untracked 
|  63|0x00000000a5b00000, 0x00000000a5b00000, 0x00000000a5c00000|  0%| F|  |TAMS 0x00000000a5b00000| PB 0x00000000a5b00000| Untracked 
|  64|0x00000000a5c00000, 0x00000000a5c00000, 0x00000000a5d00000|  0%| F|  |TAMS 0x00000000a5c00000| PB 0x00000000a5c00000| Untracked 
|  65|0x00000000a5d00000, 0x00000000a5d00000, 0x00000000a5e00000|  0%| F|  |TAMS 0x00000000a5d00000| PB 0x00000000a5d00000| Untracked 
|  66|0x00000000a5e00000, 0x00000000a5e00000, 0x00000000a5f00000|  0%| F|  |TAMS 0x00000000a5e00000| PB 0x00000000a5e00000| Untracked 
|  67|0x00000000a5f00000, 0x00000000a5f00000, 0x00000000a6000000|  0%| F|  |TAMS 0x00000000a5f00000| PB 0x00000000a5f00000| Untracked 
|  68|0x00000000a6000000, 0x00000000a6000000, 0x00000000a6100000|  0%| F|  |TAMS 0x00000000a6000000| PB 0x00000000a6000000| Untracked 
|  69|0x00000000a6100000, 0x00000000a61dda50, 0x00000000a6200000| 86%| S|CS|TAMS 0x00000000a6100000| PB 0x00000000a6100000| Complete 
|  70|0x00000000a6200000, 0x00000000a6300000, 0x00000000a6300000|100%| S|CS|TAMS 0x00000000a6200000| PB 0x00000000a6200000| Complete 
|  71|0x00000000a6300000, 0x00000000a6400000, 0x00000000a6400000|100%| S|CS|TAMS 0x00000000a6300000| PB 0x00000000a6300000| Complete 
|  72|0x00000000a6400000, 0x00000000a6400000, 0x00000000a6500000|  0%| F|  |TAMS 0x00000000a6400000| PB 0x00000000a6400000| Untracked 
|  73|0x00000000a6500000, 0x00000000a6500000, 0x00000000a6600000|  0%| F|  |TAMS 0x00000000a6500000| PB 0x00000000a6500000| Untracked 
|  74|0x00000000a6600000, 0x00000000a6600000, 0x00000000a6700000|  0%| F|  |TAMS 0x00000000a6600000| PB 0x00000000a6600000| Untracked 
|  75|0x00000000a6700000, 0x00000000a6700000, 0x00000000a6800000|  0%| F|  |TAMS 0x00000000a6700000| PB 0x00000000a6700000| Untracked 
|  76|0x00000000a6800000, 0x00000000a6800000, 0x00000000a6900000|  0%| F|  |TAMS 0x00000000a6800000| PB 0x00000000a6800000| Untracked 
|  77|0x00000000a6900000, 0x00000000a6900000, 0x00000000a6a00000|  0%| F|  |TAMS 0x00000000a6900000| PB 0x00000000a6900000| Untracked 
|  78|0x00000000a6a00000, 0x00000000a6a00000, 0x00000000a6b00000|  0%| F|  |TAMS 0x00000000a6a00000| PB 0x00000000a6a00000| Untracked 
|  79|0x00000000a6b00000, 0x00000000a6b00000, 0x00000000a6c00000|  0%| F|  |TAMS 0x00000000a6b00000| PB 0x00000000a6b00000| Untracked 
|  80|0x00000000a6c00000, 0x00000000a6c00000, 0x00000000a6d00000|  0%| F|  |TAMS 0x00000000a6c00000| PB 0x00000000a6c00000| Untracked 
|  81|0x00000000a6d00000, 0x00000000a6d00000, 0x00000000a6e00000|  0%| F|  |TAMS 0x00000000a6d00000| PB 0x00000000a6d00000| Untracked 
|  82|0x00000000a6e00000, 0x00000000a6ee1bd0, 0x00000000a6f00000| 88%| E|  |TAMS 0x00000000a6e00000| PB 0x00000000a6e00000| Complete 
|  83|0x00000000a6f00000, 0x00000000a6f00000, 0x00000000a7000000|  0%| F|  |TAMS 0x00000000a6f00000| PB 0x00000000a6f00000| Untracked 
|  84|0x00000000a7000000, 0x00000000a7000000, 0x00000000a7100000|  0%| F|  |TAMS 0x00000000a7000000| PB 0x00000000a7000000| Untracked 
|  85|0x00000000a7100000, 0x00000000a7100000, 0x00000000a7200000|  0%| F|  |TAMS 0x00000000a7100000| PB 0x00000000a7100000| Untracked 
|  86|0x00000000a7200000, 0x00000000a7200000, 0x00000000a7300000|  0%| F|  |TAMS 0x00000000a7200000| PB 0x00000000a7200000| Untracked 
|  87|0x00000000a7300000, 0x00000000a7300000, 0x00000000a7400000|  0%| F|  |TAMS 0x00000000a7300000| PB 0x00000000a7300000| Untracked 
|  88|0x00000000a7400000, 0x00000000a7400000, 0x00000000a7500000|  0%| F|  |TAMS 0x00000000a7400000| PB 0x00000000a7400000| Untracked 
|  89|0x00000000a7500000, 0x00000000a7500000, 0x00000000a7600000|  0%| F|  |TAMS 0x00000000a7500000| PB 0x00000000a7500000| Untracked 
|  90|0x00000000a7600000, 0x00000000a7600000, 0x00000000a7700000|  0%| F|  |TAMS 0x00000000a7600000| PB 0x00000000a7600000| Untracked 
|  91|0x00000000a7700000, 0x00000000a7700000, 0x00000000a7800000|  0%| F|  |TAMS 0x00000000a7700000| PB 0x00000000a7700000| Untracked 
|  92|0x00000000a7800000, 0x00000000a7800000, 0x00000000a7900000|  0%| F|  |TAMS 0x00000000a7800000| PB 0x00000000a7800000| Untracked 
|  93|0x00000000a7900000, 0x00000000a7900000, 0x00000000a7a00000|  0%| F|  |TAMS 0x00000000a7900000| PB 0x00000000a7900000| Untracked 
|  94|0x00000000a7a00000, 0x00000000a7a00000, 0x00000000a7b00000|  0%| F|  |TAMS 0x00000000a7a00000| PB 0x00000000a7a00000| Untracked 
|  95|0x00000000a7b00000, 0x00000000a7c00000, 0x00000000a7c00000|100%| E|  |TAMS 0x00000000a7b00000| PB 0x00000000a7b00000| Complete 
|1497|0x00000000ff500000, 0x00000000ff600000, 0x00000000ff600000|100%| O|  |TAMS 0x00000000ff600000| PB 0x00000000ff600000| Updating 
|1498|0x00000000ff600000, 0x00000000ff700000, 0x00000000ff700000|100%| O|  |TAMS 0x00000000ff700000| PB 0x00000000ff700000| Untracked 
|1499|0x00000000ff700000, 0x00000000ff800000, 0x00000000ff800000|100%| O|  |TAMS 0x00000000ff800000| PB 0x00000000ff800000| Untracked 
|1500|0x00000000ff800000, 0x00000000ff900000, 0x00000000ff900000|100%| O|  |TAMS 0x00000000ff900000| PB 0x00000000ff900000| Untracked 
|1501|0x00000000ff900000, 0x00000000ffa00000, 0x00000000ffa00000|100%| O|  |TAMS 0x00000000ffa00000| PB 0x00000000ffa00000| Updating 
|1502|0x00000000ffa00000, 0x00000000ffb00000, 0x00000000ffb00000|100%| O|  |TAMS 0x00000000ffb00000| PB 0x00000000ffb00000| Untracked 
|1503|0x00000000ffb00000, 0x00000000ffc00000, 0x00000000ffc00000|100%| O|  |TAMS 0x00000000ffc00000| PB 0x00000000ffc00000| Untracked 
|1504|0x00000000ffc00000, 0x00000000ffd00000, 0x00000000ffd00000|100%| O|  |TAMS 0x00000000ffd00000| PB 0x00000000ffd00000| Untracked 
|1505|0x00000000ffd00000, 0x00000000ffe00000, 0x00000000ffe00000|100%| O|  |TAMS 0x00000000ffe00000| PB 0x00000000ffe00000| Untracked 
|1506|0x00000000ffe00000, 0x00000000fff00000, 0x00000000fff00000|100%| O|  |TAMS 0x00000000fff00000| PB 0x00000000fff00000| Untracked 
|1507|0x00000000fff00000, 0x0000000100000000, 0x0000000100000000|100%| O|  |TAMS 0x0000000100000000| PB 0x0000000100000000| Untracked 

Card table byte_map: [0x0000023a7ec70000,0x0000023a7ef70000] _byte_map_base: 0x0000023a7e762000

Marking Bits: (CMBitMap*) 0x0000023a7620d810
 Bits: [0x0000023a0f000000, 0x0000023a10790000)

Polling page: 0x0000023a741d0000

Metaspace:

Usage:
  Non-class:     28.79 MB used.
      Class:      3.69 MB used.
       Both:     32.49 MB used.

Virtual space:
  Non-class space:       64.00 MB reserved,      29.06 MB ( 45%) committed,  1 nodes.
      Class space:        1.00 GB reserved,       3.94 MB ( <1%) committed,  1 nodes.
             Both:        1.06 GB reserved,      33.00 MB (  3%) committed. 

Chunk freelists:
   Non-Class:  2.06 MB
       Class:  11.92 MB
        Both:  13.98 MB

MaxMetaspaceSize: unlimited
CompressedClassSpaceSize: 1.00 GB
Initial GC threshold: 21.00 MB
Current GC threshold: 35.44 MB
CDS: on
 - commit_granule_bytes: 65536.
 - commit_granule_words: 8192.
 - virtual_space_node_default_size: 8388608.
 - enlarge_chunks_in_place: 1.
 - use_allocation_guard: 0.


Internal statistics:

num_allocs_failed_limit: 3.
num_arena_births: 406.
num_arena_deaths: 0.
num_vsnodes_births: 2.
num_vsnodes_deaths: 0.
num_space_committed: 528.
num_space_uncommitted: 0.
num_chunks_returned_to_freelist: 3.
num_chunks_taken_from_freelist: 1582.
num_chunk_merges: 3.
num_chunk_splits: 1110.
num_chunks_enlarged: 867.
num_inconsistent_stats: 0.

CodeHeap 'non-profiled nmethods': size=120000Kb used=3902Kb max_used=4470Kb free=116097Kb
 bounds [0x0000023a07ad0000, 0x0000023a07f30000, 0x0000023a0f000000]
CodeHeap 'profiled nmethods': size=120000Kb used=14648Kb max_used=16930Kb free=105351Kb
 bounds [0x0000023a00000000, 0x0000023a01090000, 0x0000023a07530000]
CodeHeap 'non-nmethods': size=5760Kb used=1500Kb max_used=1526Kb free=4259Kb
 bounds [0x0000023a07530000, 0x0000023a077a0000, 0x0000023a07ad0000]
 total_blobs=7436 nmethods=6859 adapters=481
 compilation: enabled
              stopped_count=0, restarted_count=0
 full_count=0

Compilation events (20 events):
Event: 10.769 Thread 0x0000023a7f9a6660 nmethod 7641 0x0000023a07f2cd90 code [0x0000023a07f2cf20, 0x0000023a07f2cfe8]
Event: 10.769 Thread 0x0000023a7f9a6660 7642       1       java.time.LocalDate::getYear (5 bytes)
Event: 10.769 Thread 0x0000023a7f9a6660 nmethod 7642 0x0000023a07f2d090 code [0x0000023a07f2d220, 0x0000023a07f2d2e8]
Event: 10.769 Thread 0x0000023a7f9a6660 7643       1       org.codehaus.plexus.components.io.attributes.FileAttributes::getOctalMode (5 bytes)
Event: 10.769 Thread 0x0000023a7f9a6660 nmethod 7643 0x0000023a07f2d390 code [0x0000023a07f2d520, 0x0000023a07f2d5e8]
Event: 10.771 Thread 0x0000023a7f9a6660 7644       3       org.codehaus.plexus.archiver.AbstractArchiver$1::normalizedForDuplicateCheck (12 bytes)
Event: 10.772 Thread 0x0000023a7f9a6660 nmethod 7644 0x0000023a01086310 code [0x0000023a010864c0, 0x0000023a01086640]
Event: 10.772 Thread 0x0000023a7f9a6660 7645       3       org.codehaus.plexus.components.io.resources.PlexusIoFileResource::isDirectory (8 bytes)
Event: 10.773 Thread 0x0000023a7f9a6660 nmethod 7645 0x0000023a01086710 code [0x0000023a01086900, 0x0000023a01086df0]
Event: 10.773 Thread 0x0000023a7f9a6660 7647       3       java.io.File::equals (28 bytes)
Event: 10.773 Thread 0x0000023a7f9a6660 nmethod 7647 0x0000023a01086f90 code [0x0000023a01087180, 0x0000023a01087750]
Event: 10.773 Thread 0x0000023a7f9a6660 7648       3       java.io.File::compareTo (9 bytes)
Event: 10.774 Thread 0x0000023a7f9a6660 nmethod 7648 0x0000023a01087910 code [0x0000023a01087ae0, 0x0000023a01087da8]
Event: 10.774 Thread 0x0000023a7f9a6660 7649       3       java.io.WinNTFileSystem::compare (12 bytes)
Event: 10.774 Thread 0x0000023a7f9a6660 nmethod 7649 0x0000023a01087f10 code [0x0000023a010880c0, 0x0000023a01088310]
Event: 10.774 Thread 0x0000023a7f9a6660 7650       3       java.lang.String::compareToIgnoreCase (11 bytes)
Event: 10.774 Thread 0x0000023a7f9a6660 nmethod 7650 0x0000023a01088490 code [0x0000023a01088640, 0x0000023a010887f8]
Event: 10.774 Thread 0x0000023a7f9a6660 7646       1       org.apache.commons.compress.archivers.zip.ZipArchiveEntry::getMethod (5 bytes)
Event: 10.774 Thread 0x0000023a7f9a6660 nmethod 7646 0x0000023a07f2d690 code [0x0000023a07f2d820, 0x0000023a07f2d8e8]
Event: 10.778 Thread 0x0000023a7f9a40a0 7651       4       org.codehaus.plexus.classworlds.realm.ClassRealm::loadClass (7 bytes)

GC Heap History (18 events):
Event: 0.839 GC heap before
{Heap before GC invocations=0 (full 0):
 garbage-first heap   total 98304K, used 23552K [0x00000000a1c00000, 0x0000000100000000)
  region size 1024K, 23 young (23552K), 0 survivors (0K)
 Metaspace       used 5701K, committed 5888K, reserved 1114112K
  class space    used 672K, committed 768K, reserved 1048576K
}
Event: 0.848 GC heap after
{Heap after GC invocations=1 (full 0):
 garbage-first heap   total 98304K, used 3856K [0x00000000a1c00000, 0x0000000100000000)
  region size 1024K, 3 young (3072K), 3 survivors (3072K)
 Metaspace       used 5701K, committed 5888K, reserved 1114112K
  class space    used 672K, committed 768K, reserved 1048576K
}
Event: 1.753 GC heap before
{Heap before GC invocations=1 (full 0):
 garbage-first heap   total 98304K, used 35600K [0x00000000a1c00000, 0x0000000100000000)
  region size 1024K, 34 young (34816K), 3 survivors (3072K)
 Metaspace       used 10368K, committed 10560K, reserved 1114112K
  class space    used 1242K, committed 1344K, reserved 1048576K
}
Event: 1.763 GC heap after
{Heap after GC invocations=2 (full 0):
 garbage-first heap   total 98304K, used 5622K [0x00000000a1c00000, 0x0000000100000000)
  region size 1024K, 2 young (2048K), 2 survivors (2048K)
 Metaspace       used 10368K, committed 10560K, reserved 1114112K
  class space    used 1242K, committed 1344K, reserved 1048576K
}
Event: 3.633 GC heap before
{Heap before GC invocations=2 (full 0):
 garbage-first heap   total 98304K, used 61942K [0x00000000a1c00000, 0x0000000100000000)
  region size 1024K, 57 young (58368K), 2 survivors (2048K)
 Metaspace       used 15959K, committed 16192K, reserved 1114112K
  class space    used 1879K, committed 1984K, reserved 1048576K
}
Event: 3.650 GC heap after
{Heap after GC invocations=3 (full 0):
 garbage-first heap   total 98304K, used 12234K [0x00000000a1c00000, 0x0000000100000000)
  region size 1024K, 8 young (8192K), 8 survivors (8192K)
 Metaspace       used 15959K, committed 16192K, reserved 1114112K
  class space    used 1879K, committed 1984K, reserved 1048576K
}
Event: 4.956 GC heap before
{Heap before GC invocations=3 (full 0):
 garbage-first heap   total 98304K, used 62410K [0x00000000a1c00000, 0x0000000100000000)
  region size 1024K, 57 young (58368K), 8 survivors (8192K)
 Metaspace       used 17178K, committed 17472K, reserved 1114112K
  class space    used 1989K, committed 2112K, reserved 1048576K
}
Event: 4.982 GC heap after
{Heap after GC invocations=4 (full 0):
 garbage-first heap   total 98304K, used 15360K [0x00000000a1c00000, 0x0000000100000000)
  region size 1024K, 3 young (3072K), 3 survivors (3072K)
 Metaspace       used 17178K, committed 17472K, reserved 1114112K
  class space    used 1989K, committed 2112K, reserved 1048576K
}
Event: 6.371 GC heap before
{Heap before GC invocations=4 (full 0):
 garbage-first heap   total 98304K, used 53248K [0x00000000a1c00000, 0x0000000100000000)
  region size 1024K, 40 young (40960K), 3 survivors (3072K)
 Metaspace       used 21195K, committed 21504K, reserved 1114112K
  class space    used 2465K, committed 2624K, reserved 1048576K
}
Event: 6.379 GC heap after
{Heap after GC invocations=5 (full 0):
 garbage-first heap   total 98304K, used 17163K [0x00000000a1c00000, 0x0000000100000000)
  region size 1024K, 5 young (5120K), 5 survivors (5120K)
 Metaspace       used 21195K, committed 21504K, reserved 1114112K
  class space    used 2465K, committed 2624K, reserved 1048576K
}
Event: 7.620 GC heap before
{Heap before GC invocations=6 (full 0):
 garbage-first heap   total 61440K, used 61195K [0x00000000a1c00000, 0x0000000100000000)
  region size 1024K, 46 young (47104K), 5 survivors (5120K)
 Metaspace       used 26376K, committed 26752K, reserved 1114112K
  class space    used 3021K, committed 3200K, reserved 1048576K
}
Event: 7.659 GC heap after
{Heap after GC invocations=7 (full 0):
 garbage-first heap   total 97280K, used 33280K [0x00000000a1c00000, 0x0000000100000000)
  region size 1024K, 8 young (8192K), 8 survivors (8192K)
 Metaspace       used 26376K, committed 26752K, reserved 1114112K
  class space    used 3021K, committed 3200K, reserved 1048576K
}
Event: 8.769 GC heap before
{Heap before GC invocations=7 (full 0):
 garbage-first heap   total 97280K, used 75264K [0x00000000a1c00000, 0x0000000100000000)
  region size 1024K, 48 young (49152K), 8 survivors (8192K)
 Metaspace       used 28570K, committed 28992K, reserved 1114112K
  class space    used 3278K, committed 3456K, reserved 1048576K
}
Event: 8.779 GC heap after
{Heap after GC invocations=8 (full 0):
 garbage-first heap   total 97280K, used 31232K [0x00000000a1c00000, 0x0000000100000000)
  region size 1024K, 2 young (2048K), 2 survivors (2048K)
 Metaspace       used 28570K, committed 28992K, reserved 1114112K
  class space    used 3278K, committed 3456K, reserved 1048576K
}
Event: 9.788 GC heap before
{Heap before GC invocations=8 (full 0):
 garbage-first heap   total 97280K, used 76288K [0x00000000a1c00000, 0x0000000100000000)
  region size 1024K, 46 young (47104K), 2 survivors (2048K)
 Metaspace       used 31402K, committed 31872K, reserved 1114112K
  class space    used 3586K, committed 3776K, reserved 1048576K
}
Event: 9.800 GC heap after
{Heap after GC invocations=9 (full 0):
 garbage-first heap   total 97280K, used 36812K [0x00000000a1c00000, 0x0000000100000000)
  region size 1024K, 6 young (6144K), 6 survivors (6144K)
 Metaspace       used 31402K, committed 31872K, reserved 1114112K
  class space    used 3586K, committed 3776K, reserved 1048576K
}
Event: 10.749 GC heap before
{Heap before GC invocations=9 (full 0):
 garbage-first heap   total 97280K, used 60364K [0x00000000a1c00000, 0x0000000100000000)
  region size 1024K, 18 young (18432K), 6 survivors (6144K)
 Metaspace       used 33236K, committed 33792K, reserved 1114112K
  class space    used 3779K, committed 4032K, reserved 1048576K
}
Event: 10.757 GC heap after
{Heap after GC invocations=10 (full 0):
 garbage-first heap   total 97280K, used 52257K [0x00000000a1c00000, 0x0000000100000000)
  region size 1024K, 3 young (3072K), 3 survivors (3072K)
 Metaspace       used 33236K, committed 33792K, reserved 1114112K
  class space    used 3779K, committed 4032K, reserved 1048576K
}

Dll operation events (8 events):
Event: 0.012 Loaded shared library C:\Program Files\Java\jdk-21\bin\java.dll
Event: 0.057 Loaded shared library C:\Program Files\Java\jdk-21\bin\jsvml.dll
Event: 0.081 Loaded shared library C:\Program Files\Java\jdk-21\bin\net.dll
Event: 0.085 Loaded shared library C:\Program Files\Java\jdk-21\bin\nio.dll
Event: 0.092 Loaded shared library C:\Program Files\Java\jdk-21\bin\zip.dll
Event: 0.249 Loaded shared library C:\Program Files\Java\jdk-21\bin\jimage.dll
Event: 0.250 Loaded shared library D:\Tools\Maven\apache-maven-3.9.9\lib\jansi-native\Windows\x86_64\jansi.dll
Event: 0.272 Loaded shared library C:\Program Files\Java\jdk-21\bin\verify.dll

Deoptimization events (20 events):
Event: 10.747 Thread 0x0000023a5a2dd740 Uncommon trap: trap_request=0xffffff45 fr.pc=0x0000023a07cc1b84 relative=0x0000000000000144
Event: 10.747 Thread 0x0000023a5a2dd740 Uncommon trap: reason=unstable_if action=reinterpret pc=0x0000023a07cc1b84 method=java.lang.ThreadLocal.get(Ljava/lang/Thread;)Ljava/lang/Object; @ 7 c2
Event: 10.747 Thread 0x0000023a5a2dd740 DEOPT PACKING pc=0x0000023a07cc1b84 sp=0x00000065617fee50
Event: 10.747 Thread 0x0000023a5a2dd740 DEOPT UNPACKING pc=0x0000023a075846a2 sp=0x00000065617fed90 mode 2
Event: 10.747 Thread 0x0000023a589bb000 Uncommon trap: trap_request=0xffffffc6 fr.pc=0x0000023a07ddba6c relative=0x000000000000022c
Event: 10.747 Thread 0x0000023a589bb000 Uncommon trap: reason=bimorphic_or_optimized_type_check action=maybe_recompile pc=0x0000023a07ddba6c method=java.util.concurrent.locks.AbstractQueuedSynchronizer.release(I)Z @ 2 c2
Event: 10.747 Thread 0x0000023a589bb000 DEOPT PACKING pc=0x0000023a07ddba6c sp=0x00000065618ff2f0
Event: 10.747 Thread 0x0000023a589bb000 DEOPT UNPACKING pc=0x0000023a075846a2 sp=0x00000065618ff2b8 mode 2
Event: 10.747 Thread 0x0000023a589bb000 Uncommon trap: trap_request=0xffffff45 fr.pc=0x0000023a07d86a78 relative=0x0000000000000138
Event: 10.747 Thread 0x0000023a589bb000 Uncommon trap: reason=unstable_if action=reinterpret pc=0x0000023a07d86a78 method=java.lang.ThreadLocal.get(Ljava/lang/Thread;)Ljava/lang/Object; @ 7 c2
Event: 10.747 Thread 0x0000023a589bb000 DEOPT PACKING pc=0x0000023a07d86a78 sp=0x00000065618ff210
Event: 10.747 Thread 0x0000023a589bb000 DEOPT UNPACKING pc=0x0000023a075846a2 sp=0x00000065618ff1b8 mode 2
Event: 10.748 Thread 0x0000023a5993a7e0 Uncommon trap: trap_request=0xffffffc6 fr.pc=0x0000023a07ddba6c relative=0x000000000000022c
Event: 10.748 Thread 0x0000023a5993a7e0 Uncommon trap: reason=bimorphic_or_optimized_type_check action=maybe_recompile pc=0x0000023a07ddba6c method=java.util.concurrent.locks.AbstractQueuedSynchronizer.release(I)Z @ 2 c2
Event: 10.748 Thread 0x0000023a5993a7e0 DEOPT PACKING pc=0x0000023a07ddba6c sp=0x00000065622ff3b0
Event: 10.748 Thread 0x0000023a5993a7e0 DEOPT UNPACKING pc=0x0000023a075846a2 sp=0x00000065622ff378 mode 2
Event: 10.757 Thread 0x0000023a599e0c80 Uncommon trap: trap_request=0xffffffc6 fr.pc=0x0000023a07ddba6c relative=0x000000000000022c
Event: 10.757 Thread 0x0000023a599e0c80 Uncommon trap: reason=bimorphic_or_optimized_type_check action=maybe_recompile pc=0x0000023a07ddba6c method=java.util.concurrent.locks.AbstractQueuedSynchronizer.release(I)Z @ 2 c2
Event: 10.757 Thread 0x0000023a599e0c80 DEOPT PACKING pc=0x0000023a07ddba6c sp=0x00000065623ff020
Event: 10.757 Thread 0x0000023a599e0c80 DEOPT UNPACKING pc=0x0000023a075846a2 sp=0x00000065623fefe8 mode 2

Classes loaded (20 events):
Event: 10.585 Loading class sun/nio/cs/Surrogate
Event: 10.585 Loading class sun/nio/cs/Surrogate done
Event: 10.586 Loading class sun/util/locale/provider/TimeZoneNameUtility$TimeZoneNameGetter
Event: 10.586 Loading class sun/util/locale/provider/TimeZoneNameUtility$TimeZoneNameGetter done
Event: 10.598 Loading class java/util/Vector$Itr
Event: 10.599 Loading class java/util/Vector$Itr done
Event: 10.715 Loading class java/util/zip/Deflater
Event: 10.715 Loading class java/util/zip/Deflater done
Event: 10.717 Loading class java/util/zip/Deflater$DeflaterZStreamRef
Event: 10.717 Loading class java/util/zip/Deflater$DeflaterZStreamRef done
Event: 10.724 Loading class java/io/SequenceInputStream
Event: 10.724 Loading class java/io/SequenceInputStream done
Event: 10.729 Loading class java/util/concurrent/Executors$DefaultThreadFactory
Event: 10.730 Loading class java/util/concurrent/Executors$DefaultThreadFactory done
Event: 10.733 Loading class java/util/Vector$1
Event: 10.734 Loading class java/util/Vector$1 done
Event: 10.746 Loading class java/util/concurrent/ThreadPoolExecutor$Worker
Event: 10.746 Loading class java/util/concurrent/ThreadPoolExecutor$Worker done
Event: 10.775 Loading class java/util/concurrent/ConcurrentLinkedQueue$Itr
Event: 10.775 Loading class java/util/concurrent/ConcurrentLinkedQueue$Itr done

Classes unloaded (0 events):
No events

Classes redefined (0 events):
No events

Internal exceptions (20 events):
Event: 10.403 Thread 0x0000023a761cf650 Exception <a 'sun/nio/fs/WindowsException'{0x00000000a6850f58}> (0x00000000a6850f58) 
thrown [s\open\src\hotspot\share\prims\jni.cpp, line 520]
Event: 10.407 Thread 0x0000023a761cf650 Exception <a 'sun/nio/fs/WindowsException'{0x00000000a6854158}> (0x00000000a6854158) 
thrown [s\open\src\hotspot\share\prims\jni.cpp, line 520]
Event: 10.416 Thread 0x0000023a761cf650 Exception <a 'sun/nio/fs/WindowsException'{0x00000000a68571d0}> (0x00000000a68571d0) 
thrown [s\open\src\hotspot\share\prims\jni.cpp, line 520]
Event: 10.423 Thread 0x0000023a761cf650 Exception <a 'sun/nio/fs/WindowsException'{0x00000000a685a0b0}> (0x00000000a685a0b0) 
thrown [s\open\src\hotspot\share\prims\jni.cpp, line 520]
Event: 10.428 Thread 0x0000023a761cf650 Exception <a 'sun/nio/fs/WindowsException'{0x00000000a685d1d0}> (0x00000000a685d1d0) 
thrown [s\open\src\hotspot\share\prims\jni.cpp, line 520]
Event: 10.434 Thread 0x0000023a761cf650 Exception <a 'sun/nio/fs/WindowsException'{0x00000000a6860238}> (0x00000000a6860238) 
thrown [s\open\src\hotspot\share\prims\jni.cpp, line 520]
Event: 10.441 Thread 0x0000023a761cf650 Exception <a 'sun/nio/fs/WindowsException'{0x00000000a68631c8}> (0x00000000a68631c8) 
thrown [s\open\src\hotspot\share\prims\jni.cpp, line 520]
Event: 10.447 Thread 0x0000023a761cf650 Exception <a 'sun/nio/fs/WindowsException'{0x00000000a68661a8}> (0x00000000a68661a8) 
thrown [s\open\src\hotspot\share\prims\jni.cpp, line 520]
Event: 10.454 Thread 0x0000023a761cf650 Exception <a 'sun/nio/fs/WindowsException'{0x00000000a6869268}> (0x00000000a6869268) 
thrown [s\open\src\hotspot\share\prims\jni.cpp, line 520]
Event: 10.461 Thread 0x0000023a761cf650 Exception <a 'sun/nio/fs/WindowsException'{0x00000000a6875ab0}> (0x00000000a6875ab0) 
thrown [s\open\src\hotspot\share\prims\jni.cpp, line 520]
Event: 10.468 Thread 0x0000023a761cf650 Exception <a 'sun/nio/fs/WindowsException'{0x00000000a6878978}> (0x00000000a6878978) 
thrown [s\open\src\hotspot\share\prims\jni.cpp, line 520]
Event: 10.474 Thread 0x0000023a761cf650 Exception <a 'sun/nio/fs/WindowsException'{0x00000000a687b7e0}> (0x00000000a687b7e0) 
thrown [s\open\src\hotspot\share\prims\jni.cpp, line 520]
Event: 10.479 Thread 0x0000023a761cf650 Exception <a 'sun/nio/fs/WindowsException'{0x00000000a687e6e8}> (0x00000000a687e6e8) 
thrown [s\open\src\hotspot\share\prims\jni.cpp, line 520]
Event: 10.485 Thread 0x0000023a761cf650 Exception <a 'sun/nio/fs/WindowsException'{0x00000000a6881aa8}> (0x00000000a6881aa8) 
thrown [s\open\src\hotspot\share\prims\jni.cpp, line 520]
Event: 10.490 Thread 0x0000023a761cf650 Exception <a 'sun/nio/fs/WindowsException'{0x00000000a6884cd8}> (0x00000000a6884cd8) 
thrown [s\open\src\hotspot\share\prims\jni.cpp, line 520]
Event: 10.496 Thread 0x0000023a761cf650 Exception <a 'sun/nio/fs/WindowsException'{0x00000000a6887e68}> (0x00000000a6887e68) 
thrown [s\open\src\hotspot\share\prims\jni.cpp, line 520]
Event: 10.501 Thread 0x0000023a761cf650 Exception <a 'sun/nio/fs/WindowsException'{0x00000000a688ae20}> (0x00000000a688ae20) 
thrown [s\open\src\hotspot\share\prims\jni.cpp, line 520]
Event: 10.512 Thread 0x0000023a761cf650 Exception <a 'sun/nio/fs/WindowsException'{0x00000000a688deb0}> (0x00000000a688deb0) 
thrown [s\open\src\hotspot\share\prims\jni.cpp, line 520]
Event: 10.747 Thread 0x0000023a5a2dd740 Implicit null exception at 0x0000023a07cc1aa8 to 0x0000023a07cc1b68
Event: 10.747 Thread 0x0000023a589bb000 Implicit null exception at 0x0000023a07d8699c to 0x0000023a07d86a5c

ZGC Phase Switch (0 events):
No events

VM Operations (20 events):
Event: 8.779 Executing VM operation: G1CollectForAllocation (G1 Evacuation Pause) done
Event: 9.082 Executing VM operation: HandshakeAllThreads (Deoptimize)
Event: 9.082 Executing VM operation: HandshakeAllThreads (Deoptimize) done
Event: 9.553 Executing VM operation: HandshakeAllThreads (Deoptimize)
Event: 9.553 Executing VM operation: HandshakeAllThreads (Deoptimize) done
Event: 9.587 Executing VM operation: HandshakeAllThreads (Deoptimize)
Event: 9.587 Executing VM operation: HandshakeAllThreads (Deoptimize) done
Event: 9.717 Executing VM operation: ICBufferFull
Event: 9.717 Executing VM operation: ICBufferFull done
Event: 9.788 Executing VM operation: G1CollectForAllocation (G1 Evacuation Pause)
Event: 9.800 Executing VM operation: G1CollectForAllocation (G1 Evacuation Pause) done
Event: 9.831 Executing VM operation: HandshakeAllThreads (Deoptimize)
Event: 9.831 Executing VM operation: HandshakeAllThreads (Deoptimize) done
Event: 10.532 Executing VM operation: HandshakeAllThreads (Deoptimize)
Event: 10.532 Executing VM operation: HandshakeAllThreads (Deoptimize) done
Event: 10.736 Executing VM operation: HandshakeAllThreads (Deoptimize)
Event: 10.736 Executing VM operation: HandshakeAllThreads (Deoptimize) done
Event: 10.748 Executing VM operation: G1TryInitiateConcMark (G1 Humongous Allocation)
Event: 10.757 Executing VM operation: G1TryInitiateConcMark (G1 Humongous Allocation) done
Event: 10.802 Executing VM operation: G1PauseRemark

Events (20 events):
Event: 10.825 Thread 0x0000023a7f971c50 flushing nmethod 0x0000023a00247410
Event: 10.825 Thread 0x0000023a7f971c50 flushing nmethod 0x0000023a0028fa10
Event: 10.825 Thread 0x0000023a7f971c50 flushing nmethod 0x0000023a00290310
Event: 10.825 Thread 0x0000023a7f971c50 flushing nmethod 0x0000023a002d1810
Event: 10.825 Thread 0x0000023a7f971c50 flushing nmethod 0x0000023a00377710
Event: 10.825 Thread 0x0000023a7f971c50 flushing nmethod 0x0000023a0037b010
Event: 10.825 Thread 0x0000023a7f971c50 flushing nmethod 0x0000023a003b2b10
Event: 10.825 Thread 0x0000023a7f971c50 flushing nmethod 0x0000023a003bd290
Event: 10.825 Thread 0x0000023a7f971c50 flushing nmethod 0x0000023a00528690
Event: 10.825 Thread 0x0000023a7f971c50 flushing nmethod 0x0000023a00529310
Event: 10.825 Thread 0x0000023a7f971c50 flushing nmethod 0x0000023a00529e90
Event: 10.825 Thread 0x0000023a7f971c50 flushing nmethod 0x0000023a005d3510
Event: 10.825 Thread 0x0000023a7f971c50 flushing nmethod 0x0000023a005d3b90
Event: 10.825 Thread 0x0000023a7f971c50 flushing nmethod 0x0000023a005d4e10
Event: 10.825 Thread 0x0000023a7f971c50 flushing nmethod 0x0000023a005d5a10
Event: 10.825 Thread 0x0000023a7f971c50 flushing nmethod 0x0000023a005d6710
Event: 10.825 Thread 0x0000023a7f971c50 flushing nmethod 0x0000023a005d6c10
Event: 10.825 Thread 0x0000023a7f971c50 flushing nmethod 0x0000023a005d7a10
Event: 10.825 Thread 0x0000023a7f971c50 flushing nmethod 0x0000023a005d8c10
Event: 10.825 Thread 0x0000023a7f971c50 flushing nmethod 0x0000023a006afd10


Dynamic libraries:
0x00007ff71f3a0000 - 0x00007ff71f3b0000 	C:\Program Files\Java\jdk-21\bin\java.exe
0x00007fff59030000 - 0x00007fff59247000 	C:\WINDOWS\SYSTEM32\ntdll.dll
0x00007fff57f10000 - 0x00007fff57fd4000 	C:\WINDOWS\System32\KERNEL32.DLL
0x00007fff564b0000 - 0x00007fff5686a000 	C:\WINDOWS\System32\KERNELBASE.dll
0x00007fff56c20000 - 0x00007fff56d31000 	C:\WINDOWS\System32\ucrtbase.dll
0x00007fff47f00000 - 0x00007fff47f1b000 	C:\Program Files\Java\jdk-21\bin\VCRUNTIME140.dll
0x00007fff48830000 - 0x00007fff48849000 	C:\Program Files\Java\jdk-21\bin\jli.dll
0x00007fff57c40000 - 0x00007fff57cf2000 	C:\WINDOWS\System32\ADVAPI32.dll
0x00007fff56f00000 - 0x00007fff56fa7000 	C:\WINDOWS\System32\msvcrt.dll
0x00007fff58e40000 - 0x00007fff58ee7000 	C:\WINDOWS\System32\sechost.dll
0x00007fff56480000 - 0x00007fff564a8000 	C:\WINDOWS\System32\bcrypt.dll
0x00007fff57df0000 - 0x00007fff57f04000 	C:\WINDOWS\System32\RPCRT4.dll
0x00007fff58460000 - 0x00007fff5860e000 	C:\WINDOWS\System32\USER32.dll
0x00007fff2e7b0000 - 0x00007fff2ea42000 	C:\WINDOWS\WinSxS\amd64_microsoft.windows.common-controls_6595b64144ccf1df_6.0.22621.4541_none_2710d1c57384c085\COMCTL32.dll
0x00007fff56af0000 - 0x00007fff56b16000 	C:\WINDOWS\System32\win32u.dll
0x00007fff57d60000 - 0x00007fff57d89000 	C:\WINDOWS\System32\GDI32.dll
0x00007fff56870000 - 0x00007fff5698b000 	C:\WINDOWS\System32\gdi32full.dll
0x00007fff56a50000 - 0x00007fff56aea000 	C:\WINDOWS\System32\msvcp_win.dll
0x00007fff4d4a0000 - 0x00007fff4d4aa000 	C:\WINDOWS\SYSTEM32\VERSION.dll
0x00007fff58420000 - 0x00007fff58451000 	C:\WINDOWS\System32\IMM32.DLL
0x00007fff49cd0000 - 0x00007fff49cdc000 	C:\Program Files\Java\jdk-21\bin\vcruntime140_1.dll
0x00007fff23690000 - 0x00007fff2371e000 	C:\Program Files\Java\jdk-21\bin\msvcp140.dll
0x00007fff12650000 - 0x00007fff13363000 	C:\Program Files\Java\jdk-21\bin\server\jvm.dll
0x00007fff56d40000 - 0x00007fff56db1000 	C:\WINDOWS\System32\WS2_32.dll
0x00007fff561e0000 - 0x00007fff5622d000 	C:\WINDOWS\SYSTEM32\POWRPROF.dll
0x00007fff52860000 - 0x00007fff52894000 	C:\WINDOWS\SYSTEM32\WINMM.dll
0x00007fff561c0000 - 0x00007fff561d3000 	C:\WINDOWS\SYSTEM32\UMPDC.dll
0x00007fff55310000 - 0x00007fff55328000 	C:\WINDOWS\SYSTEM32\kernel.appcore.dll
0x00007fff48820000 - 0x00007fff4882a000 	C:\Program Files\Java\jdk-21\bin\jimage.dll
0x00007fff51040000 - 0x00007fff51272000 	C:\WINDOWS\SYSTEM32\DBGHELP.DLL
0x00007fff58610000 - 0x00007fff5899f000 	C:\WINDOWS\System32\combase.dll
0x00007fff581f0000 - 0x00007fff582c7000 	C:\WINDOWS\System32\OLEAUT32.dll
0x00007fff34380000 - 0x00007fff343b2000 	C:\WINDOWS\SYSTEM32\dbgcore.DLL
0x00007fff56b20000 - 0x00007fff56b9b000 	C:\WINDOWS\System32\bcryptPrimitives.dll
0x00007fff47ee0000 - 0x00007fff47eff000 	C:\Program Files\Java\jdk-21\bin\java.dll
0x00007fff56fb0000 - 0x00007fff57828000 	C:\WINDOWS\System32\SHELL32.dll
0x00007fff54200000 - 0x00007fff54b08000 	C:\WINDOWS\SYSTEM32\windows.storage.dll
0x00007fff540c0000 - 0x00007fff541ff000 	C:\WINDOWS\SYSTEM32\wintypes.dll
0x00007fff58ef0000 - 0x00007fff58fea000 	C:\WINDOWS\System32\SHCORE.dll
0x00007fff57d00000 - 0x00007fff57d5e000 	C:\WINDOWS\System32\shlwapi.dll
0x00007fff56240000 - 0x00007fff5626b000 	C:\WINDOWS\SYSTEM32\profapi.dll
0x00007fff235b0000 - 0x00007fff23687000 	C:\Program Files\Java\jdk-21\bin\jsvml.dll
0x00007fff3e190000 - 0x00007fff3e1a0000 	C:\Program Files\Java\jdk-21\bin\net.dll
0x00007fff521b0000 - 0x00007fff522e6000 	C:\WINDOWS\SYSTEM32\WINHTTP.dll
0x00007fff55780000 - 0x00007fff557e9000 	C:\WINDOWS\system32\mswsock.dll
0x00007fff30400000 - 0x00007fff30416000 	C:\Program Files\Java\jdk-21\bin\nio.dll
0x00007fff2ce50000 - 0x00007fff2ce68000 	C:\Program Files\Java\jdk-21\bin\zip.dll
0x00007fff2afc0000 - 0x00007fff2afe4000 	D:\Tools\Maven\apache-maven-3.9.9\lib\jansi-native\Windows\x86_64\jansi.dll
0x00007fff38c60000 - 0x00007fff38c70000 	C:\Program Files\Java\jdk-21\bin\verify.dll
0x00007fff55420000 - 0x00007fff55454000 	C:\WINDOWS\SYSTEM32\ntmarta.dll

dbghelp: loaded successfully - version: 4.0.5 - missing functions: none
symbol engine: initialized successfully - sym options: 0x614 - pdb path: .;C:\Program Files\Java\jdk-21\bin;C:\WINDOWS\SYSTEM32;C:\WINDOWS\WinSxS\amd64_microsoft.windows.common-controls_6595b64144ccf1df_6.0.22621.4541_none_2710d1c57384c085;C:\Program Files\Java\jdk-21\bin\server;D:\Tools\Maven\apache-maven-3.9.9\lib\jansi-native\Windows\x86_64

VM Arguments:
jvm_args: -Dclassworlds.conf=D:\Tools\Maven\apache-maven-3.9.9\bin\m2.conf -Dmaven.home=D:\Tools\Maven\apache-maven-3.9.9 -Dlibrary.jansi.path=D:\Tools\Maven\apache-maven-3.9.9\lib\jansi-native -Dmaven.multiModuleProjectDirectory=D:\CNPM_Final\CRM_Java\crm-springmvc-hibernate 
java_command: org.codehaus.plexus.classworlds.launcher.Launcher clean install
java_class_path (initial): D:\Tools\Maven\apache-maven-3.9.9\boot\plexus-classworlds-2.8.0.jar
Launcher Type: SUN_STANDARD

[Global flags]
     intx CICompilerCount                          = 4                                         {product} {ergonomic}
     uint ConcGCThreads                            = 2                                         {product} {ergonomic}
     uint G1ConcRefinementThreads                  = 8                                         {product} {ergonomic}
   size_t G1HeapRegionSize                         = 1048576                                   {product} {ergonomic}
    uintx GCDrainStackTargetSize                   = 64                                        {product} {ergonomic}
   size_t InitialHeapSize                          = 100663296                                 {product} {ergonomic}
   size_t MarkStackSize                            = 4194304                                   {product} {ergonomic}
   size_t MaxHeapSize                              = 1581252608                                {product} {ergonomic}
   size_t MaxNewSize                               = 947912704                                 {product} {ergonomic}
   size_t MinHeapDeltaBytes                        = 1048576                                   {product} {ergonomic}
   size_t MinHeapSize                              = 8388608                                   {product} {ergonomic}
    uintx NonNMethodCodeHeapSize                   = 5839372                                {pd product} {ergonomic}
    uintx NonProfiledCodeHeapSize                  = 122909434                              {pd product} {ergonomic}
    uintx ProfiledCodeHeapSize                     = 122909434                              {pd product} {ergonomic}
    uintx ReservedCodeCacheSize                    = 251658240                              {pd product} {ergonomic}
     bool SegmentedCodeCache                       = true                                      {product} {ergonomic}
   size_t SoftMaxHeapSize                          = 1581252608                             {manageable} {ergonomic}
     bool UseCompressedOops                        = true                           {product lp64_product} {ergonomic}
     bool UseG1GC                                  = true                                      {product} {ergonomic}
     bool UseLargePagesIndividualAllocation        = false                                  {pd product} {ergonomic}

Logging:
Log output configuration:
 #0: stdout all=warning uptime,level,tags foldmultilines=false
 #1: stderr all=off uptime,level,tags foldmultilines=false

Environment Variables:
JAVA_HOME=C:\Program Files\Java\jdk-21
PATH=C:\Program Files\Java\jdk-21\bin;C:\WINDOWS\system32;C:\WINDOWS;C:\WINDOWS\System32\Wbem;C:\WINDOWS\System32\WindowsPowerShell\v1.0\;C:\WINDOWS\System32\OpenSSH\;C:\Program Files\MATLAB\R2023a\runtime\win64;C:\Program Files\MATLAB\R2023a\bin;D:\MATLAB\runtime\win64;D:\MATLAB\bin;C:\msys64\ucrt64\bin;C:\Program Files\Git\cmd;C:\Program Files\dotnet\;D:\Tools\Maven\apache-maven-3.9.9\bin;C:\Program Files\Java\jdk-21\bin;C:\Program Files\MySQL\MySQL Server 8.0\bin;C:\Program Files\MySQL\MySQL Shell 8.0\bin\;C:\Users\Admin\AppData\Local\Programs\Python\Python38\Scripts\;C:\Users\Admin\AppData\Local\Programs\Python\Python38\;C:\Users\Admin\AppData\Local\Microsoft\WindowsApps;C:\Program Files (x86)\Dev-Cpp\MinGW64\bin;D:\TN KTS\modelsim_ase\win32aloem;D:\Microsoft VS Code\bin;D:\msys64\ucrt64\bin;D:\Flutter_For_Multi_Flatform\flutter\bin;C:\Program Files\Java\jdk-21\bin;D:\Flutter_For_Multi_Flatform\flutter\bin\cache\dart-sdk\bin;C:\Users\Admin\.dotnet\tools
USERNAME=Admin
OS=Windows_NT
PROCESSOR_IDENTIFIER=AMD64 Family 23 Model 24 Stepping 1, AuthenticAMD
TMP=C:\Users\Admin\AppData\Local\Temp
TEMP=C:\Users\Admin\AppData\Local\Temp




Periodic native trim disabled

---------------  S Y S T E M  ---------------

OS:
 Windows 11 , 64 bit Build 22621 (10.0.22621.4391)
OS uptime: 2 days 3:32 hours
Hyper-V role detected

CPU: total 8 (initial active 8) (8 cores per cpu, 2 threads per core) family 23 model 24 stepping 1 microcode 0x0, cx8, cmov, fxsr, ht, mmx, 3dnowpref, sse, sse2, sse3, ssse3, sse4a, sse4.1, sse4.2, popcnt, lzcnt, tsc, tscinvbit, avx, avx2, aes, clmul, bmi1, bmi2, adx, sha, fma, vzeroupper, clflush, clflushopt, hv, rdtscp, f16c
Processor Information for all 8 processors :
  Max Mhz: 2100, Current Mhz: 2100, Mhz Limit: 2100

Memory: 4k page, system-wide physical 6030M (381M free)
TotalPageFile size 10126M (AvailPageFile size 14M)
current process WorkingSet (physical memory assigned to process): 228M, peak: 255M
current process commit charge ("private bytes"): 279M, peak: 287M

vm_info: Java HotSpot(TM) 64-Bit Server VM (21.0.4+8-LTS-274) for windows-amd64 JRE (21.0.4+8-LTS-274), built on 2024-06-05T05:23:33Z by "mach5one" with MS VC++ 17.6 (VS2022)

END.
